2025-02-25 11:29:18 |INF| app > Seanime 2.7.4-Ekō
2025-02-25 11:29:18 |INF| app > OS: android
2025-02-25 11:29:18 |INF| app > Arch: arm64
2025-02-25 11:29:18 |INF| app > Processor count: 7
2025-02-25 11:29:18 |DBG| app > Initializing config
2025-02-25 11:29:18 |INF| app > Data directory: /data/data/com.termux/files/home/.config/Seanime
2025-02-25 11:29:18 |INF| app > Working directory: /data/data/com.termux/files/usr/bin
2025-02-25 11:29:18 |INF| db > Database instantiated name=seanime.db
2025-02-25 11:29:18 |INF| local platform > Database instantiated name=local.db
2025-02-25 11:29:18 |INF| continuity > Initialized manager
2025-02-25 11:29:18 |DBG| manga downloader > Reading download directory
2025-02-25 11:29:18 |TRC| ws > Sending message type=refreshed-manga-download-data
2025-02-25 11:29:19 |DBG| app > Refreshing modules
2025-02-25 11:29:19 |WRN| app > Did not initialize media player module, no settings found
2025-02-25 11:29:19 |WRN| app > Did not initialize torrent client module, no settings found
2025-02-25 11:29:19 |INF| app > Refreshed modules
2025-02-25 11:29:19 |DBG| manga > Initialized provider extension bank
2025-02-25 11:29:19 |DBG| onlinestream > Initialized provider extension bank
2025-02-25 11:29:19 |DBG| torrent repo > Initialized anime provider extension bank
2025-02-25 11:29:19 |DBG| extensions > Loaded built-in manga provider extension id=comick
2025-02-25 11:29:19 |DBG| extensions > Loaded built-in manga provider extension id=comick-multi
2025-02-25 11:29:19 |DBG| torrent repo > Anime provider extension added
2025-02-25 11:29:19 |DBG| extensions > Loaded built-in manga provider extension id=mangapill
2025-02-25 11:29:19 |DBG| extensions > Loaded built-in manga provider extension id=weebcentral
2025-02-25 11:29:19 |DBG| extensions > Loaded built-in manga provider extension id=mangadex
2025-02-25 11:29:19 |DBG| extensions > Loaded built-in manga provider extension id=manganato
2025-02-25 11:29:19 |TRC| extensions > Loading external online streaming provider id=animepahe language=typescript
2025-02-25 11:29:19 |TRC| extensions > Creating javascript VM for external manga provider id=animepahe language=typescript
2025-02-25 11:29:19 |DBG| torrent repo > Anime provider extension added
2025-02-25 11:29:19 |DBG| extensions > Loaded built-in onlinestream provider extension id=animepahe
2025-02-25 11:29:19 |DBG| extensions > Loaded built-in anime torrent provider extension id=nyaa
2025-02-25 11:29:19 |DBG| torrent repo > Anime provider extension added
2025-02-25 11:29:19 |DBG| extensions > Loaded built-in anime torrent provider extension id=nyaa-sukebei
2025-02-25 11:29:19 |DBG| extensions > Loaded built-in anime torrent provider extension id=animetosho
2025-02-25 11:29:19 |DBG| extensions > Loaded built-in anime torrent provider extension id=seadex
2025-02-25 11:29:19 |TRC| extensions > Loading external extensions
2025-02-25 11:29:19 |DBG| torrent repo > Anime provider extension added
2025-02-25 11:29:19 |TRC| extensions > Killing Goja VMs
2025-02-25 11:29:19 |DBG| extensions > Killed Goja VMs
2025-02-25 11:29:19 |TRC| extensions > Unloading external extensions
2025-02-25 11:29:19 |DBG| extensions > Unloaded external extensions
2025-02-25 11:29:19 |DBG| extensions > Loaded external extensions
2025-02-25 11:29:19 |TRC| ws > Sending message type=extensions-reloaded
2025-02-25 11:29:19 |DBG| app > Fetching Anilist data
2025-02-25 11:29:19 |DBG| db > Media streaming settings saved
2025-02-25 11:29:19 |INF| mediastream > Module initialized
2025-02-25 11:29:19 |DBG| db > Torrent streaming settings saved
2025-02-25 11:29:19 |INF| torrentstream > Module is disabled
2025-02-25 11:29:19 |DBG| db > Debrid settings saved
2025-02-25 11:29:19 |INF| app > Serving embedded web interface
2025-02-25 11:29:19 |INF| app > Web assets path: /data/data/com.termux/files/home/.config/Seanime/assets
2025-02-25 11:29:19 |INF| app > Manga downloads path: /data/data/com.termux/files/home/.config/Seanime/manga
2025-02-25 11:29:19 |INF| app > Offline assets path: /data/data/com.termux/files/home/.config/Seanime/offline/assets
2025-02-25 11:29:19 |INF| app > Server Address: 127.0.0.1:43211
2025-02-25 11:29:19 |INF| app > Seanime started at http://127.0.0.1:43211
2025-02-25 11:29:19 |DBG| animetosho > Loaded Sneedex Nyaa IDs count=1379
2025-02-25 11:29:37 |DBG| ws > Client connected id=8534f961-39ef-472c-afe2-894eb63fb631
2025-02-25 11:29:37 |TRC| method=GET status=200 uri=/api/v1/status latency_human=9.541042ms
2025-02-25 11:30:11 |TRC| method=POST status=200 uri=/api/v1/directory-selector latency_human=5.838646ms
2025-02-25 11:30:35 |DBG| db > Settings saved
2025-02-25 11:30:35 |DBG| app > Refreshing modules
2025-02-25 11:30:35 |TRC| torrent repo > Setting settings
2025-02-25 11:30:35 |ERR| app > Failed to login to qBittorrent error="Post \"http://127.0.0.1:8081/api/v2/auth/login\": dial tcp 127.0.0.1:8081: connect: connection refused"
2025-02-25 11:30:35 |INF| watcher > Watching directories: [/storage/emulated/0/Download/1DMP/Torrents]
2025-02-25 11:30:35 |DBG| db > Torrent streaming settings saved
2025-02-25 11:30:35 |INF| app > Refreshed modules
2025-02-25 11:30:35 |INF| watcher > Library size: 35 GB
2025-02-25 11:30:35 |TRC| method=POST status=200 uri=/api/v1/start latency_human=41.500625ms
2025-02-25 11:30:35 |TRC| method=GET status=200 uri=/api/v1/status latency_human=1.243907ms
2025-02-25 11:30:36 |DBG| ws > Client disconnection id=8534f961-39ef-472c-afe2-894eb63fb631
2025-02-25 11:31:19 |TRC| method=GET status=200 uri=/api/v1/status latency_human=1.769218ms
2025-02-25 11:31:19 |DBG| ws > Client connected id=8534f961-39ef-472c-afe2-894eb63fb631
2025-02-25 11:31:19 |TRC| method=GET status=200 uri=/api/v1/manga/collection latency_human="83.802µs"
2025-02-25 11:31:19 |TRC| method=GET status=200 uri=/api/v1/anilist/collection latency_human="43.438µs"
2025-02-25 11:31:19 |TRC| method=GET status=200 uri=/api/v1/auto-downloader/items latency_human=2.30099ms
2025-02-25 11:31:19 |TRC| method=GET status=200 uri=/api/v1/library/missing-episodes latency_human=12.538907ms
2025-02-25 11:31:19 |TRC| method=GET status=200 uri=/api/v1/library/collection latency_human=23.041354ms
2025-02-25 11:31:19 |DBG| anilist > Fetching viewer
2025-02-25 11:31:20 |TRC| method=GET status=200 uri=/api/v1/latest-update latency_human=792.59776ms
2025-02-25 11:31:20 |INF| anilist > Successful Request rlr=89 rtt=851ms
2025-02-25 11:31:20 |INF| app > Authenticated to AniList
2025-02-25 11:31:20 |DBG| app > Fetching Anilist data
2025-02-25 11:31:20 |INF| app > Authenticated to AniList
2025-02-25 11:31:20 |INF| app > Fetched Anilist data
2025-02-25 11:31:20 |DBG| app > Refreshing modules
2025-02-25 11:31:20 |DBG| anilist > Fetching anime collection
2025-02-25 11:31:20 |TRC| watcher > Watcher stopped
2025-02-25 11:31:20 |TRC| torrent repo > Setting settings
2025-02-25 11:31:20 |DBG| torrentstream > Media player context cancelled
2025-02-25 11:31:20 |ERR| app > Failed to login to qBittorrent error="Post \"http://127.0.0.1:8081/api/v2/auth/login\": dial tcp 127.0.0.1:8081: connect: connection refused"
2025-02-25 11:31:20 |INF| watcher > Watching directories: [/storage/emulated/0/Download/1DMP/Torrents]
2025-02-25 11:31:20 |INF| app > Refreshed modules
2025-02-25 11:31:20 |TRC| method=POST status=200 uri=/api/v1/auth/login latency_human=888.233333ms
2025-02-25 11:31:20 |INF| watcher > Library size: 35 GB
2025-02-25 11:31:20 |INF| torrentstream > Initialized torrent client on port 43213
2025-02-25 11:31:20 |TRC| torrentstream > Dropping all torrents
2025-02-25 11:31:20 |DBG| torrentstream > Dropped all torrents
2025-02-25 11:31:20 |INF| torrentstream > Module initialized
2025-02-25 11:31:20 |INF| mediastream > Module initialized
2025-02-25 11:31:21 |WRN| anilist > Successful Request (slow) rlr=88 rtt=934ms
2025-02-25 11:31:21 |TRC| ws > Sending message type=anilist-data-loaded
2025-02-25 11:31:21 |DBG| anilist > Fetching manga collection
2025-02-25 11:31:21 |TRC| method=GET status=200 uri=/api/v1/status latency_human="585.781µs"
2025-02-25 11:31:21 |TRC| method=GET status=200 uri=/api/v1/continuity/history latency_human="472.344µs"
2025-02-25 11:31:21 |TRC| method=GET status=200 uri=/api/v1/library/collection latency_human="440.573µs"
2025-02-25 11:31:21 |INF| anilist > Successful Request rlr=87 rtt=587ms
2025-02-25 11:31:22 |TRC| anilist > Successful Request rlr=86 rtt=598ms
2025-02-25 11:31:22 |TRC| method=POST status=200 uri=/api/v1/anilist/list-anime latency_human=603.157187ms
2025-02-25 11:31:28 |DBG| scanner > Starting scan
2025-02-25 11:31:28 |DBG| media fetcher > Creating media fetcher enhanced=true
2025-02-25 11:31:28 |TRC| anilist platform > Fetching anime collection with relations
2025-02-25 11:31:28 |DBG| anilist > Fetching anime collection with relations
2025-02-25 11:31:29 |WRN| anilist > Successful Request (slow) rlr=85 rtt=1.501s
2025-02-25 11:31:32 |TRC| anilist platform > Fetching anime with relations
2025-02-25 11:31:32 |DBG| anilist > Fetching complete media mediaId=21507
2025-02-25 11:31:32 |INF| anilist > Successful Request rlr=84 rtt=520ms
2025-02-25 11:31:32 |DBG| anilist > Fetching complete media mediaId=101338
2025-02-25 11:31:33 |INF| anilist > Successful Request rlr=83 rtt=376ms
2025-02-25 11:31:33 |DBG| anilist > Fetching complete media mediaId=140439
2025-02-25 11:31:33 |INF| anilist > Successful Request rlr=82 rtt=378ms
2025-02-25 11:31:33 |DBG| media container > Media container created count=56
2025-02-25 11:31:33 |DBG| Starting matching process
2025-02-25 11:31:33 |DBG| hydrator > Starting metadata hydration
2025-02-25 11:31:33 |TRC| anilist platform > Adding media to collection
2025-02-25 11:31:33 |DBG| anilist > Updating media list entry mediaId=21507
2025-02-25 11:31:34 |INF| anilist > Successful Request rlr=81 rtt=367ms
2025-02-25 11:31:34 |DBG| anilist > Updating media list entry mediaId=101338
2025-02-25 11:31:35 |INF| anilist > Successful Request rlr=80 rtt=394ms
2025-02-25 11:31:35 |DBG| anilist > Updating media list entry mediaId=140439
2025-02-25 11:31:36 |INF| anilist > Successful Request rlr=79 rtt=370ms
2025-02-25 11:31:36 |DBG| anilist > Media added to planning list count=3
2025-02-25 11:31:36 |INF| scanner > Scan completed
2025-02-25 11:31:36 |TRC| method=POST status=200 uri=/api/v1/library/scan latency_human=8.060741247s
2025-02-25 11:31:36 |TRC| method=GET status=200 uri=/api/v1/library/collection latency_human=1.062969ms
2025-02-25 11:31:36 |TRC| method=GET status=200 uri=/api/v1/library/missing-episodes latency_human="585.156µs"
2025-02-25 11:31:36 |TRC| method=GET status=200 uri=/api/v1/auto-downloader/items latency_human="453.542µs"
2025-02-25 11:31:44 |DBG| ws > Client disconnection id=8534f961-39ef-472c-afe2-894eb63fb631
2025-02-25 11:31:46 |DBG| ws > Client connected id=8534f961-39ef-472c-afe2-894eb63fb631
2025-02-25 11:31:46 |TRC| method=GET status=200 uri=/api/v1/status latency_human=3.940469ms
2025-02-25 11:31:46 |TRC| method=GET status=200 uri=/api/v1/manga/collection latency_human=1.72651ms
2025-02-25 11:31:46 |TRC| method=GET status=200 uri=/api/v1/latest-update latency_human="382.083µs"
2025-02-25 11:31:46 |TRC| method=GET status=200 uri=/api/v1/library/collection latency_human=1.969688ms
2025-02-25 11:31:46 |TRC| method=GET status=200 uri=/api/v1/anilist/collection latency_human=3.575521ms
2025-02-25 11:31:46 |TRC| method=GET status=200 uri=/api/v1/library/missing-episodes latency_human="661.875µs"
2025-02-25 11:31:46 |TRC| method=GET status=200 uri=/api/v1/auto-downloader/items latency_human="604.74µs"
2025-02-25 11:31:46 |TRC| method=POST status=200 uri=/api/v1/anilist/list-anime latency_human=1.095208ms
2025-02-25 11:31:46 |TRC| method=GET status=200 uri=/api/v1/continuity/history latency_human="56.615µs"
2025-02-25 11:31:52 |TRC| method=POST status=200 uri=/api/v1/open-in-explorer latency_human="198.021µs"
2025-02-25 11:32:07 |TRC| method=GET status=200 uri=/api/v1/latest-update latency_human="63.594µs"
2025-02-25 11:32:15 |DBG| scanner > Starting scan
2025-02-25 11:32:16 |DBG| media fetcher > Creating media fetcher enhanced=false
2025-02-25 11:32:16 |TRC| anilist platform > Fetching anime collection with relations
2025-02-25 11:32:16 |DBG| anilist > Fetching anime collection with relations
2025-02-25 11:32:17 |WRN| anilist > Successful Request (slow) rlr=78 rtt=1.528s
2025-02-25 11:32:17 |DBG| media container > Media container created count=56
2025-02-25 11:32:17 |DBG| Starting matching process
2025-02-25 11:32:17 |DBG| hydrator > Starting metadata hydration
2025-02-25 11:32:17 |TRC| anilist platform > Adding media to collection
2025-02-25 11:32:17 |DBG| anilist > No media added to planning list
2025-02-25 11:32:17 |INF| scanner > Scan completed
2025-02-25 11:32:17 |TRC| method=POST status=200 uri=/api/v1/library/scan latency_human=1.687507864s
2025-02-25 11:32:17 |TRC| method=GET status=200 uri=/api/v1/library/collection latency_human=1.034479ms
2025-02-25 11:32:17 |TRC| method=GET status=200 uri=/api/v1/library/missing-episodes latency_human="473.907µs"
2025-02-25 11:32:17 |TRC| method=GET status=200 uri=/api/v1/auto-downloader/items latency_human="430.521µs"
2025-02-25 11:32:23 |TRC| method=GET status=200 uri=/api/v1/latest-update latency_human="84.062µs"
2025-02-25 11:32:36 |DBG| anilist > Fetching anime collection
2025-02-25 11:32:37 |INF| anilist > Successful Request rlr=89 rtt=880ms
2025-02-25 11:32:37 |TRC| method=POST status=200 uri=/api/v1/anilist/collection latency_human=882.627865ms
2025-02-25 11:32:37 |TRC| method=GET status=200 uri=/api/v1/library/collection latency_human="675.313µs"
2025-02-25 11:32:37 |TRC| method=GET status=200 uri=/api/v1/anilist/collection latency_human=1.400573ms
2025-02-25 11:32:37 |TRC| method=GET status=200 uri=/api/v1/library/missing-episodes latency_human="779.01µs"
2025-02-25 11:32:37 |TRC| method=GET status=200 uri=/api/v1/manga/collection latency_human=2.533594ms
2025-02-25 11:32:44 |TRC| anilist platform > Fetching anime details
2025-02-25 11:32:44 |DBG| anilist > Fetching anime details mediaId=21507
2025-02-25 11:32:44 |TRC| method=GET status=200 uri=/api/v1/library/anime-entry/21507 latency_human=456.990572ms
2025-02-25 11:32:44 |INF| anilist > Successful Request rlr=88 rtt=676ms
2025-02-25 11:32:44 |TRC| method=GET status=200 uri=/api/v1/anilist/media-details/21507 latency_human=680.118697ms
2025-02-25 11:32:45 |TRC| method=GET status=200 uri=/api/v1/sync/track/21507/anime latency_human="577.084µs"
2025-02-25 11:32:45 |TRC| method=GET status=200 uri=/api/v1/library/anime-entry/silence/21507 latency_human="460.677µs"
2025-02-25 11:32:45 |TRC| method=GET status=200 uri=/api/v1/continuity/history latency_human="55.416µs"
2025-02-25 11:33:04 |TRC| anilist platform > Fetching anime
2025-02-25 11:33:04 |DBG| anilist > Fetching anime mediaId=21507
2025-02-25 11:33:05 |INF| anilist > Successful Request rlr=87 rtt=534ms
2025-02-25 11:33:06 |DBG| tvdb > Fetching seasons id=307375
2025-02-25 11:33:06 |DBG| tvdb > Fetched seasons duration=516 id=307375
2025-02-25 11:33:06 |DBG| tvdb > Fetching all possible episodes
2025-02-25 11:33:06 |DBG| tvdb > Fetching episodes for season seasonId=1735928
2025-02-25 11:33:07 |DBG| tvdb > Found episodes episodes=12 id=307375
2025-02-25 11:33:07 |TRC| method=POST status=200 uri=/api/v1/metadata-provider/tvdb-episodes latency_human=2.082752239s
2025-02-25 11:33:07 |TRC| method=GET status=200 uri=/api/v1/library/anime-entry/21507 latency_human=2.073021ms
2025-02-25 11:33:07 |TRC| method=GET status=200 uri=/api/v1/library/collection latency_human="483.073µs"
2025-02-25 11:33:09 |DBG| fillermanager > Fetching filler data mediaId=21507
2025-02-25 11:33:10 |DBG| fillermanager > Fetched filler data mediaId=21507 slug=/shows/mob-psycho-100
2025-02-25 11:33:10 |TRC| method=POST status=200 uri=/api/v1/metadata-provider/filler latency_human=1.672264947s
2025-02-25 11:33:10 |TRC| method=GET status=200 uri=/api/v1/library/anime-entry/21507 latency_human=2.448229ms
2025-02-25 11:33:19 |ERR| method=POST status=200 error="unsupported operating system: android" uri=/api/v1/library/anime-entry/open-in-explorer latency_human="194.896µs"
2025-02-25 11:33:23 |ERR| method=POST status=200 error="unsupported operating system: android" uri=/api/v1/library/anime-entry/open-in-explorer latency_human="115.521µs"
2025-02-25 11:33:28 |ERR| method=POST status=200 error="unsupported operating system: android" uri=/api/v1/library/anime-entry/open-in-explorer latency_human="92.916µs"
2025-02-25 11:33:33 |DBG| media player > Media requested path=/storage/emulated/0/Download/1DMP/Torrents/Mob.Psycho.100.S01.1080p.BluRay.OPUS2.0.x264-Hi10p-Legion/Mob.Psycho.100.S01E01.1080p.BluRay.OPUS2.0.x264-Hi10p-Legion.mkv
2025-02-25 11:33:33 |TRC| mpv > Launching player with args: []
2025-02-25 11:33:33 |TRC| mpv > Cancelling previous command context
2025-02-25 11:33:33 |DBG| mpv > Starting player
2025-02-25 11:33:33 |TRC| mpv > Command: mpv --input-ipc-server=/tmp/mpv_socket /storage/emulated/0/Download/1DMP/Torrents/Mob.Psycho.100.S01.1080p.BluRay.OPUS2.0.x264-Hi10p-Legion/Mob.Psycho.100.S01E01.1080p.BluRay.OPUS2.0.x264-Hi10p-Legion.mkv
2025-02-25 11:33:33 |ERR| media player > Could not open and play video using MPV error="exec: \"mpv\": executable file not found in $PATH"
2025-02-25 11:33:33 |TRC| method=POST status=500 uri=/api/v1/playback-manager/play latency_human=1.426094ms
2025-02-25 11:33:37 |DBG| media player > Media requested path=/storage/emulated/0/Download/1DMP/Torrents/Mob.Psycho.100.S01.1080p.BluRay.OPUS2.0.x264-Hi10p-Legion/Mob.Psycho.100.S01E01.1080p.BluRay.OPUS2.0.x264-Hi10p-Legion.mkv
2025-02-25 11:33:37 |TRC| mpv > Launching player with args: []
2025-02-25 11:33:37 |TRC| mpv > Cancelling previous command context
2025-02-25 11:33:37 |DBG| mpv > Starting player
2025-02-25 11:33:37 |TRC| mpv > Command: mpv --input-ipc-server=/tmp/mpv_socket /storage/emulated/0/Download/1DMP/Torrents/Mob.Psycho.100.S01.1080p.BluRay.OPUS2.0.x264-Hi10p-Legion/Mob.Psycho.100.S01E01.1080p.BluRay.OPUS2.0.x264-Hi10p-Legion.mkv
2025-02-25 11:33:37 |ERR| media player > Could not open and play video using MPV error="exec: \"mpv\": executable file not found in $PATH"
2025-02-25 11:33:37 |TRC| method=POST status=500 uri=/api/v1/playback-manager/play latency_human=1.337552ms
2025-02-25 11:33:41 |DBG| media player > Media requested path=/storage/emulated/0/Download/1DMP/Torrents/Mob.Psycho.100.S01.1080p.BluRay.OPUS2.0.x264-Hi10p-Legion/Mob.Psycho.100.S01E01.1080p.BluRay.OPUS2.0.x264-Hi10p-Legion.mkv
2025-02-25 11:33:41 |TRC| mpv > Launching player with args: []
2025-02-25 11:33:41 |TRC| mpv > Cancelling previous command context
2025-02-25 11:33:41 |DBG| mpv > Starting player
2025-02-25 11:33:41 |TRC| mpv > Command: mpv --input-ipc-server=/tmp/mpv_socket /storage/emulated/0/Download/1DMP/Torrents/Mob.Psycho.100.S01.1080p.BluRay.OPUS2.0.x264-Hi10p-Legion/Mob.Psycho.100.S01E01.1080p.BluRay.OPUS2.0.x264-Hi10p-Legion.mkv
2025-02-25 11:33:41 |ERR| media player > Could not open and play video using MPV error="exec: \"mpv\": executable file not found in $PATH"
2025-02-25 11:33:41 |TRC| method=POST status=500 uri=/api/v1/playback-manager/play latency_human=1.371823ms
2025-02-25 11:33:43 |DBG| media player > Media requested path=/storage/emulated/0/Download/1DMP/Torrents/Mob.Psycho.100.S01.1080p.BluRay.OPUS2.0.x264-Hi10p-Legion/Mob.Psycho.100.S01E01.1080p.BluRay.OPUS2.0.x264-Hi10p-Legion.mkv
2025-02-25 11:33:43 |TRC| mpv > Launching player with args: []
2025-02-25 11:33:43 |TRC| mpv > Cancelling previous command context
2025-02-25 11:33:43 |DBG| mpv > Starting player
2025-02-25 11:33:43 |TRC| mpv > Command: mpv --input-ipc-server=/tmp/mpv_socket /storage/emulated/0/Download/1DMP/Torrents/Mob.Psycho.100.S01.1080p.BluRay.OPUS2.0.x264-Hi10p-Legion/Mob.Psycho.100.S01E01.1080p.BluRay.OPUS2.0.x264-Hi10p-Legion.mkv
2025-02-25 11:33:43 |ERR| media player > Could not open and play video using MPV error="exec: \"mpv\": executable file not found in $PATH"
2025-02-25 11:33:43 |TRC| method=POST status=500 uri=/api/v1/playback-manager/play latency_human=1.545ms
2025-02-25 11:37:51 |DBG| media player > Media requested path=/storage/emulated/0/Download/1DMP/Torrents/Mob.Psycho.100.S01.1080p.BluRay.OPUS2.0.x264-Hi10p-Legion/Mob.Psycho.100.S01E01.1080p.BluRay.OPUS2.0.x264-Hi10p-Legion.mkv
2025-02-25 11:37:51 |TRC| mpv > Launching player with args: []
2025-02-25 11:37:51 |TRC| mpv > Cancelling previous command context
2025-02-25 11:37:51 |DBG| mpv > Starting player
2025-02-25 11:37:51 |TRC| mpv > Command: mpv --input-ipc-server=/tmp/mpv_socket /storage/emulated/0/Download/1DMP/Torrents/Mob.Psycho.100.S01.1080p.BluRay.OPUS2.0.x264-Hi10p-Legion/Mob.Psycho.100.S01E01.1080p.BluRay.OPUS2.0.x264-Hi10p-Legion.mkv
2025-02-25 11:37:51 |ERR| media player > Could not open and play video using MPV error="exec: \"mpv\": executable file not found in $PATH"
2025-02-25 11:37:51 |TRC| method=POST status=500 uri=/api/v1/playback-manager/play latency_human=1.647917ms
2025-02-25 11:37:58 |TRC| method=GET status=200 uri=/api/v1/latest-update latency_human="114.323µs"
2025-02-25 11:38:00 |TRC| method=GET status=200 uri=/api/v1/torrentstream/settings latency_human="410.833µs"
2025-02-25 11:38:00 |TRC| method=GET status=200 uri=/api/v1/extensions/list/anime-torrent-provider latency_human=5.183386ms
2025-02-25 11:38:01 |DBG| ws > Client disconnection id=8534f961-39ef-472c-afe2-894eb63fb631
2025-02-25 11:38:03 |TRC| method=GET status=200 uri=/api/v1/status latency_human=1.309427ms
2025-02-25 11:38:03 |DBG| ws > Client connected id=8534f961-39ef-472c-afe2-894eb63fb631
2025-02-25 11:38:04 |TRC| method=GET status=200 uri=/api/v1/latest-update latency_human="116.771µs"
2025-02-25 11:38:04 |TRC| method=GET status=200 uri=/api/v1/manga/collection latency_human=11.106042ms
2025-02-25 11:38:04 |TRC| method=GET status=200 uri=/api/v1/extensions/list/anime-torrent-provider latency_human="92.917µs"
2025-02-25 11:38:04 |TRC| method=GET status=200 uri=/api/v1/torrentstream/settings latency_human="92.187µs"
2025-02-25 11:38:04 |TRC| method=GET status=200 uri=/api/v1/library/collection latency_human=1.04026ms
2025-02-25 11:38:04 |TRC| method=GET status=200 uri=/api/v1/anilist/collection latency_human=3.744479ms
2025-02-25 11:38:04 |TRC| method=GET status=200 uri=/api/v1/library/missing-episodes latency_human=1.026927ms
2025-02-25 11:38:04 |TRC| method=GET status=200 uri=/api/v1/auto-downloader/items latency_human=1.101719ms
2025-02-25 11:38:42 |TRC| method=POST status=200 uri=/api/v1/directory-selector latency_human=4.850208ms
2025-02-25 11:39:04 |TRC| method=GET status=200 uri=/api/v1/latest-update latency_human="60.156µs"
2025-02-25 11:39:06 |TRC| method=GET status=200 uri=/api/v1/continuity/history latency_human="555.729µs"
2025-02-25 11:39:06 |TRC| method=GET status=200 uri=/api/v1/library/collection latency_human="565.52µs"
2025-02-25 11:39:07 |TRC| method=GET status=200 uri=/api/v1/library/anime-entry/21507 latency_human=4.868698ms
2025-02-25 11:39:07 |TRC| method=GET status=200 uri=/api/v1/anilist/media-details/21507 latency_human=6.687187ms
2025-02-25 11:39:07 |TRC| method=GET status=200 uri=/api/v1/library/anime-entry/silence/21507 latency_human="666.25µs"
2025-02-25 11:39:07 |TRC| method=GET status=200 uri=/api/v1/sync/track/21507/anime latency_human=7.088334ms
2025-02-25 11:39:07 |TRC| method=GET status=200 uri=/api/v1/continuity/history latency_human="81.25µs"
2025-02-25 11:39:19 |DBG| anilist > Fetching anime collection
2025-02-25 11:39:20 |WRN| anilist > Successful Request (slow) rlr=89 rtt=1.414s
2025-02-25 11:39:20 |TRC| method=GET status=200 uri=/api/v1/library/collection latency_human="719.791µs"
2025-02-25 11:39:20 |TRC| method=GET status=200 uri=/api/v1/anilist/collection latency_human=1.791459ms
2025-02-25 11:39:20 |TRC| method=GET status=200 uri=/api/v1/library/missing-episodes latency_human="872.865µs"
2025-02-25 11:39:29 |TRC| method=GET status=200 uri=/api/v1/latest-update latency_human="66.615µs"
2025-02-25 11:39:31 |TRC| method=GET status=200 uri=/api/v1/extensions/list/anime-torrent-provider latency_human="104.74µs"
2025-02-25 11:39:31 |TRC| method=GET status=200 uri=/api/v1/torrentstream/settings latency_human="72.708µs"
2025-02-25 11:40:03 |DBG| db > Settings saved
2025-02-25 11:40:03 |DBG| app > Refreshing modules
2025-02-25 11:40:03 |TRC| watcher > Watcher stopped
2025-02-25 11:40:03 |TRC| torrent repo > Setting settings
2025-02-25 11:40:03 |DBG| torrentstream > Media player context cancelled
2025-02-25 11:40:03 |ERR| app > Failed to login to qBittorrent error="Post \"http://127.0.0.1:8081/api/v2/auth/login\": dial tcp 127.0.0.1:8081: connect: connection refused"
2025-02-25 11:40:03 |INF| app > Refreshed modules
2025-02-25 11:40:03 |TRC| method=PATCH status=200 uri=/api/v1/settings latency_human=24.171823ms
2025-02-25 11:40:03 |INF| watcher > Watching directories: [/storage/emulated/0/Download/1DMP/Torrents]
2025-02-25 11:40:03 |INF| watcher > Library size: 35 GB
2025-02-25 11:40:03 |TRC| method=GET status=200 uri=/api/v1/status latency_human="451.875µs"
2025-02-25 11:40:07 |TRC| method=GET status=200 uri=/api/v1/latest-update latency_human="85.312µs"
2025-02-25 11:40:08 |TRC| method=GET status=200 uri=/api/v1/continuity/history latency_human="51.094µs"
2025-02-25 11:40:08 |TRC| method=GET status=200 uri=/api/v1/library/collection latency_human="522.083µs"
2025-02-25 11:40:10 |TRC| method=GET status=200 uri=/api/v1/sync/track/21507/anime latency_human="521.302µs"
2025-02-25 11:40:10 |TRC| method=GET status=200 uri=/api/v1/library/anime-entry/silence/21507 latency_human="429.062µs"
2025-02-25 11:40:10 |TRC| method=GET status=200 uri=/api/v1/continuity/history latency_human="53.802µs"
2025-02-25 11:40:10 |TRC| method=GET status=200 uri=/api/v1/library/anime-entry/21507 latency_human=1.980625ms
2025-02-25 11:40:10 |TRC| method=GET status=200 uri=/api/v1/anilist/media-details/21507 latency_human=1.49073ms
2025-02-25 11:40:13 |TRC| method=GET status=200 uri=/api/v1/library/anime-entry/21507 latency_human=4.386146ms
2025-02-25 11:40:13 |TRC| playback manager > Starting manual progress tracking
2025-02-25 11:40:13 |TRC| playback manager > Starting manual progress tracking currentProgress=0 episode_number=1 mediaId=21507 totalEpisodes=12
2025-02-25 11:40:13 |TRC| method=POST status=200 uri=/api/v1/playback-manager/manual-tracking/start latency_human="547.292µs"
2025-02-25 11:40:24 |TRC| method=POST status=200 uri=/api/v1/playback-manager/manual-tracking/cancel latency_human="489.635µs"
2025-02-25 11:40:25 |DBG| playback manager > Manual progress tracking canceled
2025-02-25 11:40:25 |TRC| ws > Sending message type=playback-manager-manual-tracking-stopped
2025-02-25 11:40:28 |TRC| method=GET status=200 uri=/api/v1/latest-update latency_human="101.823µs"
2025-02-25 11:40:30 |TRC| method=GET status=200 uri=/api/v1/extensions/list/anime-torrent-provider latency_human="89.688µs"
2025-02-25 11:40:30 |TRC| method=GET status=200 uri=/api/v1/torrentstream/settings latency_human="68.906µs"
2025-02-25 11:45:51 |DBG| db > Settings saved
2025-02-25 11:45:51 |DBG| app > Refreshing modules
2025-02-25 11:45:51 |TRC| watcher > Watcher stopped
2025-02-25 11:45:51 |TRC| torrent repo > Setting settings
2025-02-25 11:45:51 |DBG| torrentstream > Media player context cancelled
2025-02-25 11:45:51 |ERR| app > Failed to login to qBittorrent error="Post \"http://127.0.0.1:8081/api/v2/auth/login\": dial tcp 127.0.0.1:8081: connect: connection refused"
2025-02-25 11:45:51 |INF| app > Refreshed modules
2025-02-25 11:45:51 |TRC| method=PATCH status=200 uri=/api/v1/settings latency_human=57.254792ms
2025-02-25 11:45:51 |INF| watcher > Watching directories: [/storage/emulated/0/Download/1DMP/Torrents]
2025-02-25 11:45:51 |INF| watcher > Library size: 35 GB
2025-02-25 11:45:51 |TRC| method=GET status=200 uri=/api/v1/status latency_human="390.313µs"
2025-02-25 11:46:03 |TRC| method=GET status=200 uri=/api/v1/library/anime-entry/21507 latency_human=5.732656ms
2025-02-25 11:46:04 |TRC| playback manager > Starting manual progress tracking
2025-02-25 11:46:04 |TRC| playback manager > Cancelling previous manual tracking context
2025-02-25 11:46:04 |TRC| playback manager > Starting manual progress tracking currentProgress=0 episode_number=1 mediaId=21507 totalEpisodes=12
2025-02-25 11:46:04 |TRC| method=POST status=200 uri=/api/v1/playback-manager/manual-tracking/start latency_human="554.792µs"
2025-02-25 11:46:12 |TRC| method=POST status=200 uri=/api/v1/playback-manager/manual-tracking/cancel latency_human="69.271µs"
2025-02-25 11:46:13 |DBG| playback manager > Manual progress tracking canceled
2025-02-25 11:46:13 |TRC| ws > Sending message type=playback-manager-manual-tracking-stopped
2025-02-25 11:46:14 |TRC| playback manager > Starting manual progress tracking
2025-02-25 11:46:14 |TRC| playback manager > Cancelling previous manual tracking context
2025-02-25 11:46:14 |TRC| playback manager > Starting manual progress tracking currentProgress=0 episode_number=3 mediaId=21507 totalEpisodes=12
2025-02-25 11:46:14 |TRC| method=POST status=200 uri=/api/v1/playback-manager/manual-tracking/start latency_human="539.427µs"
2025-02-25 11:49:19 |DBG| anilist > Fetching anime collection
2025-02-25 11:49:20 |WRN| anilist > Successful Request (slow) rlr=89 rtt=1.484s
2025-02-25 11:49:20 |TRC| method=GET status=200 uri=/api/v1/library/collection latency_human="757.76µs"
2025-02-25 11:49:20 |TRC| method=GET status=200 uri=/api/v1/anilist/collection latency_human=2.918854ms
2025-02-25 11:49:21 |TRC| method=GET status=200 uri=/api/v1/library/missing-episodes latency_human="767.239µs"
2025-02-25 11:49:21 |TRC| method=GET status=200 uri=/api/v1/latest-update latency_human="126.094µs"
2025-02-25 11:49:23 |TRC| method=GET status=200 uri=/api/v1/extensions/list/anime-torrent-provider latency_human="114.792µs"
2025-02-25 11:49:23 |TRC| method=GET status=200 uri=/api/v1/torrentstream/settings latency_human="111.667µs"
2025-02-25 11:49:57 |DBG| db > Settings saved
2025-02-25 11:49:57 |DBG| app > Refreshing modules
2025-02-25 11:49:57 |TRC| watcher > Watcher stopped
2025-02-25 11:49:57 |TRC| torrent repo > Setting settings
2025-02-25 11:49:57 |DBG| torrentstream > Media player context cancelled
2025-02-25 11:49:57 |ERR| app > Failed to login to qBittorrent error="Post \"http://127.0.0.1:8081/api/v2/auth/login\": dial tcp 127.0.0.1:8081: connect: connection refused"
2025-02-25 11:49:57 |INF| app > Refreshed modules
2025-02-25 11:49:57 |TRC| method=PATCH status=200 uri=/api/v1/settings latency_human=51.579167ms
2025-02-25 11:49:57 |INF| watcher > Watching directories: [/storage/emulated/0/Download/1DMP/Torrents]
2025-02-25 11:49:57 |INF| watcher > Library size: 35 GB
2025-02-25 11:49:57 |TRC| method=GET status=200 uri=/api/v1/status latency_human="473.385µs"
2025-02-25 11:50:05 |TRC| method=GET status=200 uri=/api/v1/latest-update latency_human="100.469µs"
2025-02-25 11:50:06 |TRC| method=GET status=200 uri=/api/v1/continuity/history latency_human="81.25µs"
2025-02-25 11:50:06 |TRC| method=GET status=200 uri=/api/v1/library/collection latency_human="665.104µs"
2025-02-25 11:50:07 |TRC| method=GET status=200 uri=/api/v1/library/anime-entry/21507 latency_human=2.960729ms
2025-02-25 11:50:07 |TRC| method=GET status=200 uri=/api/v1/anilist/media-details/21507 latency_human=4.205833ms
2025-02-25 11:50:08 |TRC| method=GET status=200 uri=/api/v1/library/anime-entry/silence/21507 latency_human="597.344µs"
2025-02-25 11:50:08 |TRC| method=GET status=200 uri=/api/v1/sync/track/21507/anime latency_human=7.670833ms
2025-02-25 11:50:08 |TRC| method=GET status=200 uri=/api/v1/continuity/history latency_human="51.042µs"
2025-02-25 11:50:11 |TRC| method=GET status=200 uri=/api/v1/library/anime-entry/21507 latency_human=1.784427ms
2025-02-25 11:50:12 |TRC| playback manager > Starting manual progress tracking
2025-02-25 11:50:12 |TRC| playback manager > Cancelling previous manual tracking context
2025-02-25 11:50:14 |DBG| playback manager > Manual progress tracking canceled
2025-02-25 11:50:14 |TRC| ws > Sending message type=playback-manager-manual-tracking-stopped
2025-02-25 11:50:14 |TRC| playback manager > Starting manual progress tracking currentProgress=0 episode_number=1 mediaId=21507 totalEpisodes=12
2025-02-25 11:50:14 |TRC| method=POST status=200 uri=/api/v1/playback-manager/manual-tracking/start latency_human=2.521980572s
2025-02-25 11:50:24 |TRC| method=GET status=200 uri=/api/v1/latest-update latency_human="203.386µs"
2025-02-25 11:50:25 |TRC| method=GET status=200 uri=/api/v1/extensions/list/anime-torrent-provider latency_human="146.875µs"
2025-02-25 11:50:25 |TRC| method=GET status=200 uri=/api/v1/torrentstream/settings latency_human="111.771µs"
2025-02-25 11:51:00 |DBG| db > Settings saved
2025-02-25 11:51:00 |DBG| app > Refreshing modules
2025-02-25 11:51:00 |TRC| watcher > Watcher stopped
2025-02-25 11:51:00 |TRC| torrent repo > Setting settings
2025-02-25 11:51:00 |DBG| torrentstream > Media player context cancelled
2025-02-25 11:51:00 |ERR| app > Failed to login to qBittorrent error="Post \"http://127.0.0.1:8081/api/v2/auth/login\": dial tcp 127.0.0.1:8081: connect: connection refused"
2025-02-25 11:51:00 |INF| watcher > Watching directories: [/storage/emulated/0/Download/1DMP/Torrents]
2025-02-25 11:51:00 |INF| app > Refreshed modules
2025-02-25 11:51:00 |TRC| method=PATCH status=200 uri=/api/v1/settings latency_human=35.452187ms
2025-02-25 11:51:00 |INF| watcher > Library size: 35 GB
2025-02-25 11:51:00 |TRC| method=GET status=200 uri=/api/v1/status latency_human="798.802µs"
2025-02-25 11:51:03 |TRC| method=GET status=200 uri=/api/v1/library/anime-entry/21507 latency_human=4.404115ms
2025-02-25 11:51:04 |TRC| playback manager > Starting manual progress tracking
2025-02-25 11:51:04 |TRC| playback manager > Cancelling previous manual tracking context
2025-02-25 11:51:04 |TRC| mediastream > Served file filepath=/storage/emulated/0/Download/1DMP/Torrents/Mob.Psycho.100.S01.1080p.BluRay.OPUS2.0.x264-Hi10p-Legion/Mob.Psycho.100.S01E01.1080p.BluRay.OPUS2.0.x264-Hi10p-Legion.mkv payload=%2Fstorage%2Femulated%2F0%2FDownload%2F1DMP%2FTorrents%2FMob.Psycho.100.S01.1080p.BluRay.OPUS2.0.x264-Hi10p-Legion%2FMob.Psycho.100.S01E01.1080p.BluRay.OPUS2.0.x264-Hi10p-Legion.mkv
2025-02-25 11:51:04 |TRC| mediastream > Served file filepath=/storage/emulated/0/Download/1DMP/Torrents/Mob.Psycho.100.S01.1080p.BluRay.OPUS2.0.x264-Hi10p-Legion/Mob.Psycho.100.S01E01.1080p.BluRay.OPUS2.0.x264-Hi10p-Legion.mkv payload=%2Fstorage%2Femulated%2F0%2FDownload%2F1DMP%2FTorrents%2FMob.Psycho.100.S01.1080p.BluRay.OPUS2.0.x264-Hi10p-Legion%2FMob.Psycho.100.S01E01.1080p.BluRay.OPUS2.0.x264-Hi10p-Legion.mkv
2025-02-25 11:51:04 |TRC| method=GET status=206 uri=/api/v1/mediastream/file/%2Fstorage%2Femulated%2F0%2FDownload%2F1DMP%2FTorrents%2FMob.Psycho.100.S01.1080p.BluRay.OPUS2.0.x264-Hi10p-Legion%2FMob.Psycho.100.S01E01.1080p.BluRay.OPUS2.0.x264-Hi10p-Legion.mkv latency_human=109.026406ms
2025-02-25 11:51:04 |TRC| method=GET status=206 uri=/api/v1/mediastream/file/%2Fstorage%2Femulated%2F0%2FDownload%2F1DMP%2FTorrents%2FMob.Psycho.100.S01.1080p.BluRay.OPUS2.0.x264-Hi10p-Legion%2FMob.Psycho.100.S01E01.1080p.BluRay.OPUS2.0.x264-Hi10p-Legion.mkv latency_human=24.353594ms
2025-02-25 11:51:04 |TRC| mediastream > Served file filepath=/storage/emulated/0/Download/1DMP/Torrents/Mob.Psycho.100.S01.1080p.BluRay.OPUS2.0.x264-Hi10p-Legion/Mob.Psycho.100.S01E01.1080p.BluRay.OPUS2.0.x264-Hi10p-Legion.mkv payload=%2Fstorage%2Femulated%2F0%2FDownload%2F1DMP%2FTorrents%2FMob.Psycho.100.S01.1080p.BluRay.OPUS2.0.x264-Hi10p-Legion%2FMob.Psycho.100.S01E01.1080p.BluRay.OPUS2.0.x264-Hi10p-Legion.mkv
2025-02-25 11:51:05 |DBG| playback manager > Manual progress tracking canceled
2025-02-25 11:51:05 |TRC| ws > Sending message type=playback-manager-manual-tracking-stopped
2025-02-25 11:51:05 |TRC| playback manager > Starting manual progress tracking currentProgress=0 episode_number=1 mediaId=21507 totalEpisodes=12
2025-02-25 11:51:05 |TRC| method=POST status=200 uri=/api/v1/playback-manager/manual-tracking/start latency_human=1.455877031s
2025-02-25 11:51:16 |TRC| anilist platform > Updating entry progress
2025-02-25 11:51:16 |DBG| anilist > Updating media list entry progress mediaId=21507
2025-02-25 11:51:17 |INF| anilist > Successful Request rlr=89 rtt=528ms
2025-02-25 11:51:17 |DBG| anilist > Fetching anime collection
2025-02-25 11:51:18 |WRN| anilist > Successful Request (slow) rlr=88 rtt=1.087s
2025-02-25 11:51:18 |INF| playback manager > Updated progress on AniList
2025-02-25 11:51:18 |DBG| anilist > Fetching anime collection
2025-02-25 11:51:19 |WRN| anilist > Successful Request (slow) rlr=87 rtt=1.007s
2025-02-25 11:51:19 |TRC| method=POST status=200 uri=/api/v1/playback-manager/sync-current-progress latency_human=2.642279061s
2025-02-25 11:51:19 |TRC| method=GET status=200 uri=/api/v1/library/collection latency_human=17.364792ms
2025-02-25 11:51:19 |TRC| method=GET status=200 uri=/api/v1/anilist/collection latency_human=1.606355ms
2025-02-25 11:51:20 |DBG| playback manager > Manual progress tracking canceled
2025-02-25 11:51:20 |TRC| ws > Sending message type=playback-manager-manual-tracking-stopped
2025-02-25 11:51:27 |TRC| method=GET status=200 uri=/api/v1/sync/track/21507/anime latency_human="779.219µs"
2025-02-25 11:51:27 |TRC| method=GET status=200 uri=/api/v1/library/anime-entry/silence/21507 latency_human="506.093µs"
2025-02-25 11:51:27 |TRC| method=GET status=200 uri=/api/v1/continuity/history latency_human="59.323µs"
2025-02-25 11:51:27 |TRC| method=GET status=200 uri=/api/v1/anilist/media-details/21507 latency_human="878.281µs"
2025-02-25 11:51:27 |TRC| method=GET status=200 uri=/api/v1/library/anime-entry/21507 latency_human=13.646563ms
2025-02-25 11:51:28 |TRC| method=GET status=200 uri=/api/v1/sync/track/21507/anime latency_human="489.115µs"
2025-02-25 11:51:28 |TRC| method=GET status=200 uri=/api/v1/library/anime-entry/silence/21507 latency_human="719.062µs"
2025-02-25 11:51:45 |TRC| method=POST status=200 uri=/api/v1/library/anime-entry/silence latency_human=34.366198ms
2025-02-25 11:51:45 |TRC| method=GET status=200 uri=/api/v1/library/anime-entry/silence/21507 latency_human=6.202135ms
2025-02-25 11:51:45 |TRC| method=GET status=200 uri=/api/v1/library/missing-episodes latency_human="656.927µs"
2025-02-25 11:51:46 |TRC| method=POST status=200 uri=/api/v1/library/anime-entry/silence latency_human=25.749636ms
2025-02-25 11:51:46 |TRC| method=GET status=200 uri=/api/v1/library/anime-entry/silence/21507 latency_human="430.208µs"
2025-02-25 11:51:46 |TRC| method=GET status=200 uri=/api/v1/library/missing-episodes latency_human=5.325781ms
2025-02-25 11:51:51 |TRC| method=GET status=200 uri=/api/v1/latest-update latency_human="87.135µs"
2025-02-25 11:51:52 |TRC| method=GET status=200 uri=/api/v1/continuity/history latency_human="56.094µs"
2025-02-25 11:51:52 |TRC| method=GET status=200 uri=/api/v1/library/collection latency_human=1.698958ms
2025-02-25 11:52:05 |TRC| method=GET status=200 uri=/api/v1/library/collection latency_human=1.724635ms
2025-02-25 11:52:07 |TRC| method=GET status=200 uri=/api/v1/playlists latency_human=4.529375ms
2025-02-25 11:52:08 |TRC| method=GET status=200 uri=/api/v1/continuity/history latency_human="68.021µs"
2025-02-25 11:52:09 |DBG| media player > Media requested path=/storage/emulated/0/Download/1DMP/Torrents/Mob.Psycho.100.S01.1080p.BluRay.OPUS2.0.x264-Hi10p-Legion/Mob.Psycho.100.S01E02.1080p.BluRay.OPUS2.0.x264-Hi10p-Legion.mkv
2025-02-25 11:52:09 |TRC| mpv > Launching player with args: []
2025-02-25 11:52:09 |TRC| mpv > Cancelling previous command context
2025-02-25 11:52:09 |DBG| mpv > Starting player
2025-02-25 11:52:09 |TRC| mpv > Command: mpv --input-ipc-server=/tmp/mpv_socket /storage/emulated/0/Download/1DMP/Torrents/Mob.Psycho.100.S01.1080p.BluRay.OPUS2.0.x264-Hi10p-Legion/Mob.Psycho.100.S01E02.1080p.BluRay.OPUS2.0.x264-Hi10p-Legion.mkv
2025-02-25 11:52:09 |ERR| media player > Could not open and play video using MPV error="exec: \"mpv\": executable file not found in $PATH"
2025-02-25 11:52:09 |TRC| method=POST status=500 uri=/api/v1/playback-manager/play-random latency_human=6.376094ms
2025-02-25 11:52:41 |DBG| watcher > File created: /storage/emulated/0/Download/1DMP/Torrents/Serial Experiments Lain 1998 1080p BluRay FLAC 2.0 x264-Chotab
2025-02-25 11:52:42 |DBG| watcher > File created: /storage/emulated/0/Download/1DMP/Torrents/[tinyivy] Monster 1-74 (Dual Audio) [R2J DVDrip 960x720 x264 AC3]
2025-02-25 11:52:51 |DBG| scanner > Starting scan
2025-02-25 11:52:51 |DBG| media fetcher > Creating media fetcher enhanced=true
2025-02-25 11:52:51 |TRC| anilist platform > Fetching anime collection with relations
2025-02-25 11:52:51 |DBG| anilist > Fetching anime collection with relations
2025-02-25 11:52:53 |WRN| anilist > Successful Request (slow) rlr=89 rtt=1.766s
2025-02-25 11:52:56 |TRC| anilist platform > Fetching anime with relations
2025-02-25 11:52:56 |TRC| anilist platform > Fetching anime with relations
2025-02-25 11:52:56 |TRC| anilist platform > Fetching anime with relations
2025-02-25 11:52:56 |DBG| anilist > Fetching complete media mediaId=21507
2025-02-25 11:52:56 |DBG| anilist > Fetching complete media mediaId=21507
2025-02-25 11:52:56 |DBG| anilist > Fetching complete media mediaId=339
2025-02-25 11:52:56 |TRC| anilist platform > Fetching anime with relations
2025-02-25 11:52:56 |DBG| anilist > Fetching complete media mediaId=113286
2025-02-25 11:52:56 |INF| anilist > Successful Request rlr=87 rtt=613ms
2025-02-25 11:52:56 |INF| anilist > Successful Request rlr=85 rtt=615ms
2025-02-25 11:52:56 |INF| anilist > Successful Request rlr=88 rtt=617ms
2025-02-25 11:52:56 |INF| anilist > Successful Request rlr=86 rtt=618ms
2025-02-25 11:52:57 |DBG| media container > Media container created count=57
2025-02-25 11:52:57 |DBG| Starting matching process
2025-02-25 11:52:57 |DBG| hydrator > Starting metadata hydration
2025-02-25 11:52:57 |TRC| anilist platform > Adding media to collection
2025-02-25 11:52:57 |DBG| anilist > Updating media list entry mediaId=113286
2025-02-25 11:52:57 |INF| anilist > Successful Request rlr=84 rtt=469ms
2025-02-25 11:52:57 |DBG| anilist > Media added to planning list count=1
2025-02-25 11:52:57 |INF| scanner > Scan completed
2025-02-25 11:52:57 |TRC| method=POST status=200 uri=/api/v1/library/scan latency_human=6.25558781s
2025-02-25 11:52:58 |TRC| method=GET status=200 uri=/api/v1/library/collection latency_human=444.797552ms
2025-02-25 11:52:58 |TRC| method=GET status=200 uri=/api/v1/library/missing-episodes latency_human="652.292µs"
2025-02-25 11:52:58 |TRC| method=GET status=200 uri=/api/v1/auto-downloader/items latency_human="439.219µs"
2025-02-25 11:53:06 |TRC| method=GET status=200 uri=/api/v1/library/anime-entry/339 latency_human=2.37599ms
2025-02-25 11:53:06 |TRC| anilist platform > Fetching anime details
2025-02-25 11:53:06 |DBG| anilist > Fetching anime details mediaId=339
2025-02-25 11:53:06 |INF| anilist > Successful Request rlr=83 rtt=815ms
2025-02-25 11:53:06 |TRC| method=GET status=200 uri=/api/v1/anilist/media-details/339 latency_human=820.147083ms
2025-02-25 11:53:07 |TRC| method=GET status=200 uri=/api/v1/sync/track/339/anime latency_human="692.709µs"
2025-02-25 11:53:07 |TRC| method=GET status=200 uri=/api/v1/library/anime-entry/silence/339 latency_human="519.323µs"
2025-02-25 11:53:07 |TRC| method=GET status=200 uri=/api/v1/continuity/history latency_human="60.209µs"
2025-02-25 11:53:19 |WRN| anilist > Long Request rlr=82 rtt=1.265s
2025-02-25 11:53:19 |TRC| method=POST status=200 uri=/api/v1/anilist/list-anime latency_human=1.276883229s
2025-02-25 11:53:19 |WRN| anilist > Long Request rlr=81 rtt=1.294s
2025-02-25 11:53:19 |TRC| method=POST status=200 uri=/api/v1/anilist/list-anime latency_human=1.316032187s
2025-02-25 11:53:22 |TRC| method=GET status=200 uri=/api/v1/sync/track/339/anime latency_human="607.448µs"
2025-02-25 11:53:22 |TRC| method=GET status=200 uri=/api/v1/library/anime-entry/silence/339 latency_human="370.625µs"
2025-02-25 11:53:22 |TRC| method=GET status=200 uri=/api/v1/continuity/history latency_human="55.781µs"
2025-02-25 11:53:22 |TRC| method=GET status=200 uri=/api/v1/library/anime-entry/339 latency_human=1.782656ms
2025-02-25 11:53:22 |TRC| method=GET status=200 uri=/api/v1/anilist/media-details/339 latency_human="727.135µs"
2025-02-25 11:53:42 |DBG| ws > Client disconnection id=8534f961-39ef-472c-afe2-894eb63fb631
2025-02-25 11:53:44 |TRC| method=GET status=200 uri=/api/v1/status latency_human="831.302µs"
2025-02-25 11:53:44 |DBG| ws > Client connected id=8534f961-39ef-472c-afe2-894eb63fb631
2025-02-25 11:53:45 |TRC| method=GET status=200 uri=/api/v1/manga/collection latency_human=13.006615ms
2025-02-25 11:53:45 |TRC| method=GET status=200 uri=/api/v1/latest-update latency_human="132.396µs"
2025-02-25 11:53:45 |TRC| method=GET status=200 uri=/api/v1/library/anime-entry/339 latency_human=1.29651ms
2025-02-25 11:53:45 |TRC| method=GET status=200 uri=/api/v1/anilist/media-details/339 latency_human=1.690886ms
2025-02-25 11:53:45 |TRC| method=GET status=200 uri=/api/v1/anilist/collection latency_human=3.061719ms
2025-02-25 11:53:45 |TRC| method=GET status=200 uri=/api/v1/library/missing-episodes latency_human="664.01µs"
2025-02-25 11:53:45 |TRC| method=GET status=200 uri=/api/v1/auto-downloader/items latency_human="980.052µs"
2025-02-25 11:53:45 |TRC| method=GET status=200 uri=/api/v1/library/collection latency_human=11.814114ms
2025-02-25 11:53:45 |TRC| method=GET status=200 uri=/api/v1/sync/track/339/anime latency_human="707.813µs"
2025-02-25 11:53:45 |TRC| method=GET status=200 uri=/api/v1/library/anime-entry/silence/339 latency_human="507.083µs"
2025-02-25 11:53:45 |TRC| method=GET status=200 uri=/api/v1/continuity/history latency_human="60µs"
2025-02-25 11:54:12 |TRC| anilist platform > Fetching studio details
2025-02-25 11:54:12 |DBG| anilist > Fetching studio details studioId=110
2025-02-25 11:54:13 |INF| anilist > Successful Request rlr=89 rtt=707ms
2025-02-25 11:54:13 |TRC| method=GET status=200 uri=/api/v1/anilist/studio-details/110 latency_human=709.368645ms
2025-02-25 11:54:20 |TRC| method=GET status=200 uri=/api/v1/continuity/history latency_human="53.021µs"
2025-02-25 11:54:20 |TRC| method=GET status=200 uri=/api/v1/library/collection latency_human=2.09974ms
2025-02-25 11:54:29 |TRC| method=GET status=200 uri=/api/v1/library/anime-entry/21507 latency_human=4.100677ms
2025-02-25 11:54:29 |TRC| method=GET status=200 uri=/api/v1/anilist/media-details/21507 latency_human=2.494011ms
2025-02-25 11:54:30 |TRC| method=GET status=200 uri=/api/v1/sync/track/21507/anime latency_human="674.063µs"
2025-02-25 11:54:30 |TRC| method=GET status=200 uri=/api/v1/library/anime-entry/silence/21507 latency_human="405.469µs"
2025-02-25 11:54:30 |TRC| method=GET status=200 uri=/api/v1/continuity/history latency_human="53.645µs"
2025-02-25 11:54:41 |TRC| method=PATCH status=200 uri=/api/v1/library/anime-entry/bulk-action latency_human=25.178334ms
2025-02-25 11:54:41 |TRC| method=GET status=200 uri=/api/v1/library/collection latency_human=2.191093ms
2025-02-25 11:54:41 |TRC| method=GET status=200 uri=/api/v1/library/anime-entry/21507 latency_human=1.932865ms
2025-02-25 11:54:42 |TRC| method=GET status=200 uri=/api/v1/sync/track/21507/anime latency_human="487.031µs"
2025-02-25 11:54:42 |TRC| method=GET status=200 uri=/api/v1/library/anime-entry/silence/21507 latency_human="645.156µs"
2025-02-25 11:54:44 |TRC| method=POST status=200 uri=/api/v1/anilist/list-anime latency_human=1.389636ms
2025-02-25 11:54:45 |WRN| anilist > Long Request rlr=88 rtt=1.133s
2025-02-25 11:54:45 |TRC| method=POST status=200 uri=/api/v1/anilist/list-anime latency_human=1.13916151s
2025-02-25 11:54:47 |TRC| method=GET status=200 uri=/api/v1/sync/track/21507/anime latency_human="562.291µs"
2025-02-25 11:54:47 |TRC| method=GET status=200 uri=/api/v1/library/anime-entry/silence/21507 latency_human="514.792µs"
2025-02-25 11:54:47 |TRC| method=GET status=200 uri=/api/v1/continuity/history latency_human="56.823µs"
2025-02-25 11:54:47 |TRC| method=GET status=200 uri=/api/v1/library/anime-entry/21507 latency_human=1.794166ms
2025-02-25 11:54:47 |TRC| method=GET status=200 uri=/api/v1/anilist/media-details/21507 latency_human="809.062µs"
2025-02-25 11:54:50 |TRC| method=POST status=200 uri=/api/v1/anilist/list-anime latency_human="997.917µs"
2025-02-25 11:54:52 |TRC| anilist > Successful Request rlr=87 rtt=533ms
2025-02-25 11:54:52 |TRC| method=POST status=200 uri=/api/v1/anilist/list-anime latency_human=533.860469ms
2025-02-25 11:54:56 |TRC| method=GET status=200 uri=/api/v1/sync/track/21507/anime latency_human="522.344µs"
2025-02-25 11:54:56 |TRC| method=GET status=200 uri=/api/v1/library/anime-entry/silence/21507 latency_human="459.635µs"
2025-02-25 11:54:56 |TRC| method=GET status=200 uri=/api/v1/continuity/history latency_human="55.469µs"
2025-02-25 11:54:56 |TRC| method=GET status=200 uri=/api/v1/library/anime-entry/21507 latency_human=1.699115ms
2025-02-25 11:54:56 |TRC| method=GET status=200 uri=/api/v1/anilist/media-details/21507 latency_human="810.469µs"
2025-02-25 11:55:03 |DBG| anilist > Fetching anime collection
2025-02-25 11:55:04 |WRN| anilist > Successful Request (slow) rlr=86 rtt=939ms
2025-02-25 11:55:04 |TRC| method=POST status=200 uri=/api/v1/anilist/collection latency_human=941.691302ms
2025-02-25 11:55:04 |TRC| method=GET status=200 uri=/api/v1/library/collection latency_human=3.412552ms
2025-02-25 11:55:04 |TRC| method=GET status=200 uri=/api/v1/anilist/collection latency_human=1.880834ms
2025-02-25 11:55:04 |TRC| method=GET status=200 uri=/api/v1/library/missing-episodes latency_human="849.323µs"
2025-02-25 11:55:04 |TRC| method=GET status=200 uri=/api/v1/manga/collection latency_human="775.521µs"
2025-02-25 11:55:04 |TRC| method=GET status=200 uri=/api/v1/library/anime-entry/21507 latency_human=1.917708ms
2025-02-25 11:55:32 |DBG| ws > Client disconnection id=8534f961-39ef-472c-afe2-894eb63fb631
2025-02-25 11:55:35 |TRC| method=GET status=206 uri=/api/v1/mediastream/file/%2Fstorage%2Femulated%2F0%2FDownload%2F1DMP%2FTorrents%2FMob.Psycho.100.S01.1080p.BluRay.OPUS2.0.x264-Hi10p-Legion%2FMob.Psycho.100.S01E01.1080p.BluRay.OPUS2.0.x264-Hi10p-Legion.mkv latency_human=4m30.959962241s
2025-02-25 11:59:19 |DBG| anilist > Fetching anime collection
2025-02-25 11:59:20 |WRN| anilist > Successful Request (slow) rlr=89 rtt=1.494s
2025-02-25 12:09:28 |DBG| anilist > Fetching anime collection
2025-02-25 12:09:29 |WRN| anilist > Successful Request (slow) rlr=89 rtt=1.3s
2025-02-25 12:21:02 |DBG| anilist > Fetching anime collection
2025-02-25 12:21:04 |WRN| anilist > Successful Request (slow) rlr=89 rtt=1.371s
2025-02-25 12:31:02 |DBG| anilist > Fetching anime collection
2025-02-25 12:31:03 |TRC| ws > Sending message type=check-for-updates
2025-02-25 12:31:04 |WRN| anilist > Successful Request (slow) rlr=89 rtt=1.574s
